#
# A fatal error has been detected by the Java Runtime Environment:
#
#  EXCEPTION_ACCESS_VIOLATION (0xc0000005) at pc=0x00007fff7b65d96e, pid=5700, tid=0x0000000000002628
#
# JRE version: OpenJDK Runtime Environment (8.0_202-b03) (build 1.8.0_202-release-1483-b03)
# Java VM: OpenJDK 64-Bit Server VM (25.202-b03 mixed mode windows-amd64 compressed oops)
# Problematic frame:
# C  [ntdll.dll+0x3d96e]
#
# Failed to write core dump. Minidumps are not enabled by default on client versions of Windows
#
# If you would like to submit a bug report, please visit:
#   http://bugreport.java.com/bugreport/crash.jsp
#

---------------  T H R E A D  ---------------

Current thread (0x0000000018a70000):  JavaThread "C2 CompilerThread2" daemon [_thread_in_native, id=9768, stack(0x0000000019540000,0x0000000019640000)]

siginfo: ExceptionCode=0xc0000005, reading address 0x000000721d5866d8

Registers:
RAX=0x000000000000073c, RBX=0x0000000002da0000, RCX=0x0000000000000532, RDX=0x0000000000000002
RSP=0x000000001963bea0, RBP=0x000000001963c129, RSI=0x0000000000000000, RDI=0x000000003308073c
R8 =0x000000721d5866d0, R9 =0x000000000000c6e0, R10=0x00007fff7b741170, R11=0x000000001d066940
R12=0x000000721d5866e0, R13=0x00000000000003ff, R14=0x0000000002da0150, R15=0x0000000002da4a50
RIP=0x00007fff7b65d96e, EFLAGS=0x0000000000010283

Top of Stack: (sp=0x000000001963bea0)
0x000000001963bea0:   000000001963ea10 0000000018a6bc90
0x000000001963beb0:   0000000018a6bc90 0000000000000800
0x000000001963bec0:   0000000020d3eec0 0000000000000000
0x000000001963bed0:   0000000118a6bc01 0000000000000000
0x000000001963bee0:   000000001e636fe0 0000000000000000
0x000000001963bef0:   0000000000000001 0000000000000c6e
0x000000001963bf00:   0000000000000000 0000000000000000
0x000000001963bf10:   0000000000000000 0000000002da0150
0x000000001963bf20:   0000000000000000 0000000000000000
0x000000001963bf30:   0000000000000000 0000000000000000
0x000000001963bf40:   0000000000000000 00000000000003ff
0x000000001963bf50:   0000000000000000 0000000000000000
0x000000001963bf60:   0000000000000000 0000000000000000
0x000000001963bf70:   0000000000000000 00000000b000b505
0x000000001963bf80:   0000000000000000 0000000002000002
0x000000001963bf90:   0000000000000000 0000000000000000 

Instructions: (pc=0x00007fff7b65d96e)
0x00007fff7b65d94e:   5b fc ff ff 41 39 77 0c 0f 85 5a 0b 00 00 49 8b
0x00007fff7b65d95e:   47 30 4e 8b 24 e0 4d 3b f4 74 56 4d 8d 44 24 f0
0x00007fff7b65d96e:   41 8b 78 08 89 bc 24 80 01 00 00 39 73 7c 74 2b
0x00007fff7b65d97e:   8b 83 88 00 00 00 33 c7 8b f8 89 84 24 80 01 00 


Register to memory mapping:

RAX=0x000000000000073c is an unknown value
RBX=0x0000000002da0000 is an unknown value
RCX=0x0000000000000532 is an unknown value
RDX=0x0000000000000002 is an unknown value
RSP=0x000000001963bea0 is pointing into the stack for thread: 0x0000000018a70000
RBP=0x000000001963c129 is pointing into the stack for thread: 0x0000000018a70000
RSI=0x0000000000000000 is an unknown value
RDI=0x000000003308073c is an unknown value
R8 =0x000000721d5866d0 is an unknown value
R9 =0x000000000000c6e0 is an unknown value
R10=0x00007fff7b741170 is an unknown value
R11=0x000000001d066940 is an unknown value
R12=0x000000721d5866e0 is an unknown value
R13=0x00000000000003ff is an unknown value
R14=0x0000000002da0150 is an unknown value
R15=0x0000000002da4a50 is an unknown value


Stack: [0x0000000019540000,0x0000000019640000],  sp=0x000000001963bea0,  free space=1007k
Native frames: (J=compiled Java code, j=interpreted, Vv=VM code, C=native code)
C  [ntdll.dll+0x3d96e]
C  [ntdll.dll+0x3babb]
C  [msvcr100.dll+0x68d17]
V  [jvm.dll+0x1f75fe]
V  [jvm.dll+0xa91c0]
V  [jvm.dll+0xa96ac]
V  [jvm.dll+0x46a67c]
V  [jvm.dll+0x436a7a]
V  [jvm.dll+0x4419bb]
V  [jvm.dll+0x4442b8]
V  [jvm.dll+0x4273d2]
V  [jvm.dll+0x8215f]
V  [jvm.dll+0x82abf]
V  [jvm.dll+0x21db7f]
V  [jvm.dll+0x26f5ba]
C  [msvcr100.dll+0x21d9f]
C  [msvcr100.dll+0x21e3b]
C  [KERNEL32.DLL+0x17bd4]
C  [ntdll.dll+0x6ced1]


Current CompileTask:
C2:   8096 6942   !   4       com.google.common.collect.MapMakerInternalMap$Segment::runLockedCleanup (34 bytes)


---------------  P R O C E S S  ---------------

Java Threads: ( => current thread )
  0x000000002075a000 JavaThread "Cache worker for execution history cache (D:\Development_Area\Android\Projects\Tugas\FP\Note_Ink\.gradle\5.4.1\executionHistory)" [_thread_blocked, id=12528, stack(0x00000000257e0000,0x00000000258e0000)]
  0x0000000020759800 JavaThread "Execution worker for ':' Thread 7" [_thread_blocked, id=13432, stack(0x00000000256e0000,0x00000000257e0000)]
  0x0000000020758800 JavaThread "Execution worker for ':' Thread 6" [_thread_blocked, id=12788, stack(0x00000000255e0000,0x00000000256e0000)]
  0x000000002075f800 JavaThread "Execution worker for ':' Thread 5" [_thread_blocked, id=14100, stack(0x00000000254e0000,0x00000000255e0000)]
  0x000000002075e800 JavaThread "Execution worker for ':' Thread 4" [_thread_blocked, id=11488, stack(0x00000000253e0000,0x00000000254e0000)]
  0x0000000020757000 JavaThread "Execution worker for ':' Thread 3" [_thread_blocked, id=2656, stack(0x00000000252e0000,0x00000000253e0000)]
  0x000000002075e000 JavaThread "Execution worker for ':' Thread 2" [_thread_blocked, id=9056, stack(0x00000000251e0000,0x00000000252e0000)]
  0x000000002075c800 JavaThread "Execution worker for ':'" [_thread_blocked, id=11724, stack(0x00000000250e0000,0x00000000251e0000)]
  0x000000002075d000 JavaThread "Cache worker for file content cache (D:\Development_Area\Android\Projects\Tugas\FP\Note_Ink\.gradle\5.4.1\fileContent)" [_thread_blocked, id=13688, stack(0x0000000024980000,0x0000000024a80000)]
  0x0000000020758000 JavaThread "Cache worker for file content cache (C:\Users\pengdst\.gradle\caches\5.4.1\fileContent)" [_thread_blocked, id=12456, stack(0x0000000024880000,0x0000000024980000)]
  0x0000000020755800 JavaThread "Memory manager" [_thread_blocked, id=10564, stack(0x0000000023f60000,0x0000000024060000)]
  0x0000000020754000 JavaThread "Cache worker for Build Output Cleanup Cache (D:\Development_Area\Android\Projects\Tugas\FP\Note_Ink\.gradle\buildOutputCleanup)" [_thread_blocked, id=13332, stack(0x00000000229c0000,0x0000000022ac0000)]
  0x0000000020755000 JavaThread "Build operations Thread 8" [_thread_blocked, id=11584, stack(0x0000000023660000,0x0000000023760000)]
  0x000000001d8a3000 JavaThread "Build operations Thread 7" [_thread_blocked, id=12700, stack(0x0000000023560000,0x0000000023660000)]
  0x000000001d8a0000 JavaThread "Build operations Thread 6" [_thread_blocked, id=12296, stack(0x0000000023460000,0x0000000023560000)]
  0x000000001d89f800 JavaThread "Build operations Thread 5" [_thread_blocked, id=13952, stack(0x0000000023360000,0x0000000023460000)]
  0x000000001d8a1000 JavaThread "Build operations Thread 4" [_thread_blocked, id=13788, stack(0x0000000023260000,0x0000000023360000)]
  0x000000001d8a1800 JavaThread "Build operations Thread 3" [_thread_blocked, id=10036, stack(0x0000000023160000,0x0000000023260000)]
  0x000000001d8a4000 JavaThread "Build operations Thread 2" [_thread_blocked, id=12496, stack(0x0000000023060000,0x0000000023160000)]
  0x000000001d8a2800 JavaThread "Build operations" [_thread_blocked, id=13464, stack(0x0000000022f60000,0x0000000023060000)]
  0x000000001d89e000 JavaThread "Cache worker for execution history cache (C:\Users\pengdst\.gradle\caches\5.4.1\executionHistory)" [_thread_blocked, id=11456, stack(0x0000000020200000,0x0000000020300000)]
  0x000000001d8a4800 JavaThread "Cache worker for cache directory md-rule (C:\Users\pengdst\.gradle\caches\5.4.1\md-rule)" [_thread_blocked, id=4076, stack(0x0000000021400000,0x0000000021500000)]
  0x000000001d89e800 JavaThread "Cache worker for cache directory md-supplier (C:\Users\pengdst\.gradle\caches\5.4.1\md-supplier)" [_thread_blocked, id=10120, stack(0x0000000020320000,0x0000000020420000)]
  0x000000001a816000 JavaThread "Cache worker for file hash cache (D:\Development_Area\Android\Projects\Tugas\FP\Note_Ink\.gradle\5.4.1\fileHashes)" [_thread_blocked, id=796, stack(0x000000001fb00000,0x000000001fc00000)]
  0x000000001a815800 JavaThread "Cache worker for journal cache (C:\Users\pengdst\.gradle\caches\journal-1)" [_thread_blocked, id=4788, stack(0x000000001c690000,0x000000001c790000)]
  0x000000001a818800 JavaThread "File lock request listener" [_thread_in_native, id=9356, stack(0x000000001c590000,0x000000001c690000)]
  0x000000001abfe800 JavaThread "Cache worker for file hash cache (C:\Users\pengdst\.gradle\caches\5.4.1\fileHashes)" [_thread_blocked, id=8680, stack(0x000000001c490000,0x000000001c590000)]
  0x000000001adc7800 JavaThread "Thread-9" [_thread_blocked, id=13172, stack(0x000000001c390000,0x000000001c490000)]
  0x000000001adc3000 JavaThread "Stdin handler" [_thread_blocked, id=13940, stack(0x000000001c290000,0x000000001c390000)]
  0x0000000019bca000 JavaThread "Asynchronous log dispatcher for DefaultDaemonConnection: socket connection from /127.0.0.1:51002 to /127.0.0.1:51003" [_thread_blocked, id=14104, stack(0x000000001c090000,0x000000001c190000)]
  0x000000001adc2800 JavaThread "Daemon worker" [_thread_blocked, id=5116, stack(0x000000001bf90000,0x000000001c090000)]
  0x000000001adc1800 JavaThread "Cancel handler" [_thread_blocked, id=12176, stack(0x000000001be90000,0x000000001bf90000)]
  0x000000001a15d000 JavaThread "Handler for socket connection from /127.0.0.1:51002 to /127.0.0.1:51003" [_thread_in_native, id=12876, stack(0x000000001bb90000,0x000000001bc90000)]
  0x000000001a15a800 JavaThread "Daemon" [_thread_blocked, id=13396, stack(0x000000001ba90000,0x000000001bb90000)]
  0x0000000019b50800 JavaThread "Daemon periodic checks" [_thread_blocked, id=2056, stack(0x000000001b990000,0x000000001ba90000)]
  0x0000000019b4f000 JavaThread "Incoming local TCP Connector on port 51002" [_thread_in_native, id=13996, stack(0x000000001b750000,0x000000001b850000)]
  0x000000001ab42000 JavaThread "Daemon health stats" [_thread_blocked, id=11912, stack(0x000000001b110000,0x000000001b210000)]
  0x0000000018a98000 JavaThread "Service Thread" daemon [_thread_blocked, id=13156, stack(0x0000000019740000,0x0000000019840000)]
  0x0000000018a74000 JavaThread "C1 CompilerThread3" daemon [_thread_in_vm, id=1404, stack(0x0000000019640000,0x0000000019740000)]
=>0x0000000018a70000 JavaThread "C2 CompilerThread2" daemon [_thread_in_native, id=9768, stack(0x0000000019540000,0x0000000019640000)]
  0x0000000018a6b800 JavaThread "C2 CompilerThread1" daemon [_thread_in_native, id=13376, stack(0x0000000019440000,0x0000000019540000)]
  0x0000000018a69000 JavaThread "C2 CompilerThread0" daemon [_thread_in_native, id=13712, stack(0x0000000019340000,0x0000000019440000)]
  0x0000000018a68000 JavaThread "Attach Listener" daemon [_thread_blocked, id=12220, stack(0x0000000019240000,0x0000000019340000)]
  0x0000000018a65000 JavaThread "Signal Dispatcher" daemon [_thread_blocked, id=804, stack(0x0000000019140000,0x0000000019240000)]
  0x0000000018a61000 JavaThread "Finalizer" daemon [_thread_blocked, id=11928, stack(0x0000000018f40000,0x0000000019040000)]
  0x0000000002ea7800 JavaThread "Reference Handler" daemon [_thread_blocked, id=12500, stack(0x0000000018e40000,0x0000000018f40000)]
  0x0000000002db2800 JavaThread "main" [_thread_blocked, id=13684, stack(0x0000000002c10000,0x0000000002d10000)]

Other Threads:
  0x0000000016c66800 VMThread [stack: 0x0000000018940000,0x0000000018a40000] [id=13400]
  0x0000000018a98800 WatcherThread [stack: 0x0000000019840000,0x0000000019940000] [id=1772]

VM state:not at safepoint (normal execution)

VM Mutex/Monitor currently owned by a thread:  ([mutex/lock_event])
[0x0000000002dac8c0] CodeCache_lock - owner thread: 0x0000000018a74000
[0x0000000002db03d0] Compile_lock - owner thread: 0x0000000018a74000
[0x0000000002db0950] MethodCompileQueue_lock - owner thread: 0x0000000018a74000

heap address: 0x00000000a0000000, size: 1536 MB, Compressed Oops mode: 32-bit
Narrow klass base: 0x0000000000000000, Narrow klass shift: 3
Compressed class space size: 1073741824 Address: 0x0000000100000000

Heap:
 PSYoungGen      total 203776K, used 110122K [0x00000000e0000000, 0x00000000ee480000, 0x0000000100000000)
  eden space 185856K, 59% used [0x00000000e0000000,0x00000000e6b8a8b8,0x00000000eb580000)
  from space 17920K, 0% used [0x00000000eca80000,0x00000000eca80000,0x00000000edc00000)
  to   space 21504K, 0% used [0x00000000eb580000,0x00000000eb580000,0x00000000eca80000)
 ParOldGen       total 154112K, used 36475K [0x00000000a0000000, 0x00000000a9680000, 0x00000000e0000000)
  object space 154112K, 23% used [0x00000000a0000000,0x00000000a239eda8,0x00000000a9680000)
 Metaspace       used 59937K, capacity 62150K, committed 62488K, reserved 1103872K
  class space    used 8165K, capacity 8658K, committed 8744K, reserved 1048576K

Card table byte_map: [0x0000000012270000,0x0000000012580000] byte_map_base: 0x0000000011d70000

Marking Bits: (ParMarkBitMap*) 0x000000006e039f30
 Begin Bits: [0x0000000012f80000, 0x0000000014780000)
 End Bits:   [0x0000000014780000, 0x0000000015f80000)

Polling page: 0x0000000000ef0000

CodeCache: size=245760Kb used=19803Kb max_used=19803Kb free=225956Kb
 bounds [0x0000000002eb0000, 0x0000000004220000, 0x0000000011eb0000]
 total_blobs=7118 nmethods=6328 adapters=702
 compilation: enabled

Compilation events (10 events):
Event: 8.080 Thread 0x0000000018a74000 nmethod 6959 0x0000000004211090 code [0x0000000004211240, 0x0000000004211768]
Event: 8.080 Thread 0x0000000018a74000 6954       3       org.gradle.internal.resources.AbstractResourceLockRegistry$3::execute (9 bytes)
Event: 8.080 Thread 0x0000000018a74000 nmethod 6954 0x00000000042108d0 code [0x0000000004210a60, 0x0000000004210eb8]
Event: 8.080 Thread 0x0000000018a74000 6958       3       org.gradle.internal.logging.sink.ProgressLogEventGenerator$Operation::<init> (12 bytes)
Event: 8.080 Thread 0x0000000018a74000 nmethod 6958 0x0000000004210510 code [0x0000000004210680, 0x0000000004210808]
Event: 8.080 Thread 0x0000000018a74000 6956       3       com.google.common.collect.ImmutableSortedMap::get (27 bytes)
Event: 8.081 Thread 0x0000000018a74000 nmethod 6956 0x0000000004214bd0 code [0x0000000004214d60, 0x0000000004215278]
Event: 8.081 Thread 0x0000000018a74000 6957       3       java.util.Collections::binarySearch (43 bytes)
Event: 8.081 Thread 0x0000000018a74000 nmethod 6957 0x00000000042153d0 code [0x00000000042155a0, 0x0000000004215d18]
Event: 8.081 Thread 0x0000000018a74000 6960       3       org.gradle.internal.work.DefaultWorkerLeaseService$DefaultWorkerLease::acquireLock (101 bytes)

GC Heap History (10 events):
Event: 3.980 GC heap before
{Heap before GC invocations=9 (full 1):
 PSYoungGen      total 141824K, used 29843K [0x00000000e0000000, 0x00000000eb080000, 0x0000000100000000)
  eden space 130048K, 13% used [0x00000000e0000000,0x00000000e11aaff0,0x00000000e7f00000)
  from space 11776K, 99% used [0x00000000e7f00000,0x00000000e8a79d78,0x00000000e8a80000)
  to   space 13824K, 0% used [0x00000000ea300000,0x00000000ea300000,0x00000000eb080000)
 ParOldGen       total 65536K, used 11229K [0x00000000a0000000, 0x00000000a4000000, 0x00000000e0000000)
  object space 65536K, 17% used [0x00000000a0000000,0x00000000a0af77c8,0x00000000a4000000)
 Metaspace       used 34663K, capacity 35404K, committed 35496K, reserved 1079296K
  class space    used 4785K, capacity 5003K, committed 5032K, reserved 1048576K
Event: 3.988 GC heap after
Heap after GC invocations=9 (full 1):
 PSYoungGen      total 166400K, used 10162K [0x00000000e0000000, 0x00000000ee100000, 0x0000000100000000)
  eden space 152576K, 0% used [0x00000000e0000000,0x00000000e0000000,0x00000000e9500000)
  from space 13824K, 73% used [0x00000000ea300000,0x00000000eaceca80,0x00000000eb080000)
  to   space 14336K, 0% used [0x00000000e9500000,0x00000000e9500000,0x00000000ea300000)
 ParOldGen       total 65536K, used 11237K [0x00000000a0000000, 0x00000000a4000000, 0x00000000e0000000)
  object space 65536K, 17% used [0x00000000a0000000,0x00000000a0af97c8,0x00000000a4000000)
 Metaspace       used 34663K, capacity 35404K, committed 35496K, reserved 1079296K
  class space    used 4785K, capacity 5003K, committed 5032K, reserved 1048576K
}
Event: 3.988 GC heap before
{Heap before GC invocations=10 (full 2):
 PSYoungGen      total 166400K, used 10162K [0x00000000e0000000, 0x00000000ee100000, 0x0000000100000000)
  eden space 152576K, 0% used [0x00000000e0000000,0x00000000e0000000,0x00000000e9500000)
  from space 13824K, 73% used [0x00000000ea300000,0x00000000eaceca80,0x00000000eb080000)
  to   space 14336K, 0% used [0x00000000e9500000,0x00000000e9500000,0x00000000ea300000)
 ParOldGen       total 65536K, used 11237K [0x00000000a0000000, 0x00000000a4000000, 0x00000000e0000000)
  object space 65536K, 17% used [0x00000000a0000000,0x00000000a0af97c8,0x00000000a4000000)
 Metaspace       used 34663K, capacity 35404K, committed 35496K, reserved 1079296K
  class space    used 4785K, capacity 5003K, committed 5032K, reserved 1048576K
Event: 4.042 GC heap after
Heap after GC invocations=10 (full 2):
 PSYoungGen      total 166400K, used 0K [0x00000000e0000000, 0x00000000ee100000, 0x0000000100000000)
  eden space 152576K, 0% used [0x00000000e0000000,0x00000000e0000000,0x00000000e9500000)
  from space 13824K, 0% used [0x00000000ea300000,0x00000000ea300000,0x00000000eb080000)
  to   space 14336K, 0% used [0x00000000e9500000,0x00000000e9500000,0x00000000ea300000)
 ParOldGen       total 100352K, used 17209K [0x00000000a0000000, 0x00000000a6200000, 0x00000000e0000000)
  object space 100352K, 17% used [0x00000000a0000000,0x00000000a10ce508,0x00000000a6200000)
 Metaspace       used 34640K, capacity 35326K, committed 35496K, reserved 1079296K
  class space    used 4778K, capacity 4990K, committed 5032K, reserved 1048576K
}
Event: 5.635 GC heap before
{Heap before GC invocations=11 (full 2):
 PSYoungGen      total 166400K, used 152576K [0x00000000e0000000, 0x00000000ee100000, 0x0000000100000000)
  eden space 152576K, 100% used [0x00000000e0000000,0x00000000e9500000,0x00000000e9500000)
  from space 13824K, 0% used [0x00000000ea300000,0x00000000ea300000,0x00000000eb080000)
  to   space 14336K, 0% used [0x00000000e9500000,0x00000000e9500000,0x00000000ea300000)
 ParOldGen       total 100352K, used 17209K [0x00000000a0000000, 0x00000000a6200000, 0x00000000e0000000)
  object space 100352K, 17% used [0x00000000a0000000,0x00000000a10ce508,0x00000000a6200000)
 Metaspace       used 49079K, capacity 50336K, committed 50600K, reserved 1093632K
  class space    used 6629K, capacity 6973K, committed 7080K, reserved 1048576K
Event: 5.654 GC heap after
Heap after GC invocations=11 (full 2):
 PSYoungGen      total 166912K, used 14322K [0x00000000e0000000, 0x00000000edc00000, 0x0000000100000000)
  eden space 152576K, 0% used [0x00000000e0000000,0x00000000e0000000,0x00000000e9500000)
  from space 14336K, 99% used [0x00000000e9500000,0x00000000ea2fcb30,0x00000000ea300000)
  to   space 17920K, 0% used [0x00000000eca80000,0x00000000eca80000,0x00000000edc00000)
 ParOldGen       total 100352K, used 22034K [0x00000000a0000000, 0x00000000a6200000, 0x00000000e0000000)
  object space 100352K, 21% used [0x00000000a0000000,0x00000000a1584908,0x00000000a6200000)
 Metaspace       used 49079K, capacity 50336K, committed 50600K, reserved 1093632K
  class space    used 6629K, capacity 6973K, committed 7080K, reserved 1048576K
}
Event: 6.841 GC heap before
{Heap before GC invocations=12 (full 2):
 PSYoungGen      total 166912K, used 126518K [0x00000000e0000000, 0x00000000edc00000, 0x0000000100000000)
  eden space 152576K, 73% used [0x00000000e0000000,0x00000000e6d90ea8,0x00000000e9500000)
  from space 14336K, 99% used [0x00000000e9500000,0x00000000ea2fcb30,0x00000000ea300000)
  to   space 17920K, 0% used [0x00000000eca80000,0x00000000eca80000,0x00000000edc00000)
 ParOldGen       total 100352K, used 22034K [0x00000000a0000000, 0x00000000a6200000, 0x00000000e0000000)
  object space 100352K, 21% used [0x00000000a0000000,0x00000000a1584908,0x00000000a6200000)
 Metaspace       used 57486K, capacity 59102K, committed 59160K, reserved 1099776K
  class space    used 7795K, capacity 8190K, committed 8232K, reserved 1048576K
Event: 6.862 GC heap after
Heap after GC invocations=12 (full 2):
 PSYoungGen      total 203776K, used 17909K [0x00000000e0000000, 0x00000000ee480000, 0x0000000100000000)
  eden space 185856K, 0% used [0x00000000e0000000,0x00000000e0000000,0x00000000eb580000)
  from space 17920K, 99% used [0x00000000eca80000,0x00000000edbfd788,0x00000000edc00000)
  to   space 21504K, 0% used [0x00000000eb580000,0x00000000eb580000,0x00000000eca80000)
 ParOldGen       total 100352K, used 24905K [0x00000000a0000000, 0x00000000a6200000, 0x00000000e0000000)
  object space 100352K, 24% used [0x00000000a0000000,0x00000000a1852400,0x00000000a6200000)
 Metaspace       used 57486K, capacity 59102K, committed 59160K, reserved 1099776K
  class space    used 7795K, capacity 8190K, committed 8232K, reserved 1048576K
}
Event: 6.862 GC heap before
{Heap before GC invocations=13 (full 3):
 PSYoungGen      total 203776K, used 17909K [0x00000000e0000000, 0x00000000ee480000, 0x0000000100000000)
  eden space 185856K, 0% used [0x00000000e0000000,0x00000000e0000000,0x00000000eb580000)
  from space 17920K, 99% used [0x00000000eca80000,0x00000000edbfd788,0x00000000edc00000)
  to   space 21504K, 0% used [0x00000000eb580000,0x00000000eb580000,0x00000000eca80000)
 ParOldGen       total 100352K, used 24905K [0x00000000a0000000, 0x00000000a6200000, 0x00000000e0000000)
  object space 100352K, 24% used [0x00000000a0000000,0x00000000a1852400,0x00000000a6200000)
 Metaspace       used 57486K, capacity 59102K, committed 59160K, reserved 1099776K
  class space    used 7795K, capacity 8190K, committed 8232K, reserved 1048576K
Event: 7.080 GC heap after
Heap after GC invocations=13 (full 3):
 PSYoungGen      total 203776K, used 0K [0x00000000e0000000, 0x00000000ee480000, 0x0000000100000000)
  eden space 185856K, 0% used [0x00000000e0000000,0x00000000e0000000,0x00000000eb580000)
  from space 17920K, 0% used [0x00000000eca80000,0x00000000eca80000,0x00000000edc00000)
  to   space 21504K, 0% used [0x00000000eb580000,0x00000000eb580000,0x00000000eca80000)
 ParOldGen       total 154112K, used 36475K [0x00000000a0000000, 0x00000000a9680000, 0x00000000e0000000)
  object space 154112K, 23% used [0x00000000a0000000,0x00000000a239eda8,0x00000000a9680000)
 Metaspace       used 57486K, capacity 59102K, committed 59160K, reserved 1099776K
  class space    used 7795K, capacity 8190K, committed 8232K, reserved 1048576K
}

Deoptimization events (10 events):
Event: 7.356 Thread 0x0000000020758800 Uncommon trap: reason=unstable_if action=reinterpret pc=0x0000000003c5d640 method=java.util.concurrent.ConcurrentHashMap.get(Ljava/lang/Object;)Ljava/lang/Object; @ 86
Event: 7.356 Thread 0x000000002075f800 Uncommon trap: reason=unstable_if action=reinterpret pc=0x0000000003c5d640 method=java.util.concurrent.ConcurrentHashMap.get(Ljava/lang/Object;)Ljava/lang/Object; @ 86
Event: 7.356 Thread 0x000000002075e800 Uncommon trap: reason=unstable_if action=reinterpret pc=0x0000000003c5d640 method=java.util.concurrent.ConcurrentHashMap.get(Ljava/lang/Object;)Ljava/lang/Object; @ 86
Event: 7.483 Thread 0x000000001adc2800 Uncommon trap: reason=unstable_if action=reinterpret pc=0x0000000003cb1990 method=java.util.concurrent.ConcurrentHashMap.addCount(JI)V @ 97
Event: 7.484 Thread 0x0000000020757000 Uncommon trap: reason=unstable_if action=reinterpret pc=0x0000000003a605fc method=java.util.concurrent.ConcurrentHashMap.addCount(JI)V @ 168
Event: 7.532 Thread 0x000000001d89e000 Uncommon trap: reason=unstable_if action=reinterpret pc=0x00000000040b83a0 method=com.esotericsoftware.kryo.io.Input.readUtf8(I)V @ 79
Event: 7.532 Thread 0x000000001d89e000 Uncommon trap: reason=unstable_if action=reinterpret pc=0x00000000038721a0 method=com.esotericsoftware.kryo.io.Input.readUtf8(I)V @ 79
Event: 7.630 Thread 0x000000001adc7800 Uncommon trap: reason=unstable_if action=reinterpret pc=0x0000000002fef1fc method=java.io.ObjectOutputStream$BlockDataOutputStream.drain()V @ 12
Event: 8.010 Thread 0x0000000020757000 Uncommon trap: reason=unstable_if action=reinterpret pc=0x0000000003b7eda8 method=com.google.common.collect.MapMakerInternalMap$Segment.put(Ljava/lang/Object;ILjava/lang/Object;Z)Ljava/lang/Object; @ 92
Event: 8.010 Thread 0x000000002075e000 Uncommon trap: reason=unstable_if action=reinterpret pc=0x0000000003b7eda8 method=com.google.common.collect.MapMakerInternalMap$Segment.put(Ljava/lang/Object;ILjava/lang/Object;Z)Ljava/lang/Object; @ 92

Classes redefined (0 events):
No events

Internal exceptions (10 events):
Event: 6.096 Thread 0x000000001adc2800 Exception <a 'java/lang/NoSuchMethodError': java.lang.Object.lambda$static$4(Ljava/util/Set;Ljava/util/Set;)Z> (0x00000000e2d64dd8) thrown at [D:\src\AOSP-openjdk-cygwin\jdk8u\hotspot\src\share\vm\interpreter\linkResolver.cpp, line 620]
Event: 6.284 Thread 0x000000001adc2800 Exception <a 'java/lang/ClassNotFoundException': com/sun/org/glassfish/hk2/osgiresourcelocator/ServiceLoader> (0x00000000e3aa8210) thrown at [D:\src\AOSP-openjdk-cygwin\jdk8u\hotspot\src\share\vm\classfile\systemDictionary.cpp, line 210]
Event: 6.325 Thread 0x000000001adc2800 Exception <a 'java/lang/NullPointerException'> (0x00000000e3f73ee8) thrown at [D:\src\AOSP-openjdk-cygwin\jdk8u\hotspot\src\share\vm\interpreter\linkResolver.cpp, line 1287]
Event: 7.629 Thread 0x000000001adc7800 Exception <a 'java/lang/NoSuchMethodError': <clinit>> (0x00000000e0d9f9f0) thrown at [D:\src\AOSP-openjdk-cygwin\jdk8u\hotspot\src\share\vm\prims\jni.cpp, line 1614]
Event: 7.630 Thread 0x000000001adc7800 Exception <a 'java/lang/NoSuchMethodError': <clinit>> (0x00000000e0dab6d0) thrown at [D:\src\AOSP-openjdk-cygwin\jdk8u\hotspot\src\share\vm\prims\jni.cpp, line 1614]
Event: 7.631 Thread 0x000000001adc7800 Exception <a 'java/lang/NoSuchMethodError': <clinit>> (0x00000000e0db7c20) thrown at [D:\src\AOSP-openjdk-cygwin\jdk8u\hotspot\src\share\vm\prims\jni.cpp, line 1614]
Event: 7.657 Thread 0x000000001adc7800 Exception <a 'java/lang/NoSuchMethodError': <clinit>> (0x00000000e45f7d00) thrown at [D:\src\AOSP-openjdk-cygwin\jdk8u\hotspot\src\share\vm\prims\jni.cpp, line 1614]
Event: 7.660 Thread 0x000000001adc7800 Exception <a 'java/lang/NoSuchMethodError': <clinit>> (0x00000000e4609350) thrown at [D:\src\AOSP-openjdk-cygwin\jdk8u\hotspot\src\share\vm\prims\jni.cpp, line 1614]
Event: 7.660 Thread 0x000000001adc7800 Exception <a 'java/lang/NoSuchMethodError': <clinit>> (0x00000000e460ae68) thrown at [D:\src\AOSP-openjdk-cygwin\jdk8u\hotspot\src\share\vm\prims\jni.cpp, line 1614]
Event: 8.002 Thread 0x000000001adc7800 Exception <a 'java/lang/NoSuchMethodError': <clinit>> (0x00000000e5817110) thrown at [D:\src\AOSP-openjdk-cygwin\jdk8u\hotspot\src\share\vm\prims\jni.cpp, line 1614]

Events (10 events):
Event: 8.001 loading class org/gradle/cache/internal/DefaultMultiProcessSafePersistentIndexedCache$3
Event: 8.001 loading class org/gradle/cache/internal/DefaultMultiProcessSafePersistentIndexedCache$3 done
Event: 8.002 loading class java/util/AbstractList$1
Event: 8.002 loading class java/util/AbstractList$1 done
Event: 8.010 Thread 0x0000000020757000 Uncommon trap: trap_request=0xffffff65 fr.pc=0x0000000003b7eda8
Event: 8.010 Thread 0x0000000020757000 DEOPT PACKING pc=0x0000000003b7eda8 sp=0x00000000253dcd30
Event: 8.010 Thread 0x0000000020757000 DEOPT UNPACKING pc=0x0000000002ef557b sp=0x00000000253dcc00 mode 2
Event: 8.010 Thread 0x000000002075e000 Uncommon trap: trap_request=0xffffff65 fr.pc=0x0000000003b7eda8
Event: 8.010 Thread 0x000000002075e000 DEOPT PACKING pc=0x0000000003b7eda8 sp=0x00000000252dcec0
Event: 8.010 Thread 0x000000002075e000 DEOPT UNPACKING pc=0x0000000002ef557b sp=0x00000000252dcd90 mode 2


Dynamic libraries:
0x00007ff76d560000 - 0x00007ff76d591000 	C:\Program Files\Android\Android Studio\jre\bin\java.exe
0x00007fff7b620000 - 0x00007fff7b810000 	C:\Windows\SYSTEM32\ntdll.dll
0x00007fff7a9e0000 - 0x00007fff7aa92000 	C:\Windows\System32\KERNEL32.DLL
0x00007fff78660000 - 0x00007fff78903000 	C:\Windows\System32\KERNELBASE.dll
0x00007fff7b060000 - 0x00007fff7b103000 	C:\Windows\System32\ADVAPI32.dll
0x00007fff7a070000 - 0x00007fff7a10e000 	C:\Windows\System32\msvcrt.dll
0x00007fff79e30000 - 0x00007fff79ec7000 	C:\Windows\System32\sechost.dll
0x00007fff7af40000 - 0x00007fff7b060000 	C:\Windows\System32\RPCRT4.dll
0x00007fff7b110000 - 0x00007fff7b2a4000 	C:\Windows\System32\USER32.dll
0x00007fff785b0000 - 0x00007fff785d1000 	C:\Windows\System32\win32u.dll
0x00007fff7af00000 - 0x00007fff7af26000 	C:\Windows\System32\GDI32.dll
0x00007fff79530000 - 0x00007fff796c4000 	C:\Windows\System32\gdi32full.dll
0x00007fff78a70000 - 0x00007fff78b0e000 	C:\Windows\System32\msvcp_win.dll
0x00007fff78b60000 - 0x00007fff78c5a000 	C:\Windows\System32\ucrtbase.dll
0x00007fff68be0000 - 0x00007fff68e65000 	C:\Windows\WinSxS\amd64_microsoft.windows.common-controls_6595b64144ccf1df_6.0.18362.535_none_e6c3b34713100821\COMCTL32.dll
0x00007fff7aaa0000 - 0x00007fff7add6000 	C:\Windows\System32\combase.dll
0x00007fff78940000 - 0x00007fff789c0000 	C:\Windows\System32\bcryptPrimitives.dll
0x00007fff796d0000 - 0x00007fff796fe000 	C:\Windows\System32\IMM32.DLL
0x000000006e9d0000 - 0x000000006eaa2000 	C:\Program Files\Android\Android Studio\jre\jre\bin\msvcr100.dll
0x000000006d870000 - 0x000000006e0b6000 	C:\Program Files\Android\Android Studio\jre\jre\bin\server\jvm.dll
0x00007fff7af30000 - 0x00007fff7af38000 	C:\Windows\System32\PSAPI.DLL
0x00007fff655d0000 - 0x00007fff655d9000 	C:\Windows\SYSTEM32\WSOCK32.dll
0x00007fff744e0000 - 0x00007fff74504000 	C:\Windows\SYSTEM32\WINMM.dll
0x00007fff72e00000 - 0x00007fff72e0a000 	C:\Windows\SYSTEM32\VERSION.dll
0x00007fff7a810000 - 0x00007fff7a87f000 	C:\Windows\System32\WS2_32.dll
0x00007fff744b0000 - 0x00007fff744dd000 	C:\Windows\SYSTEM32\WINMMBASE.dll
0x00007fff78b10000 - 0x00007fff78b5a000 	C:\Windows\System32\cfgmgr32.dll
0x00007fff72180000 - 0x00007fff7218f000 	C:\Program Files\Android\Android Studio\jre\jre\bin\verify.dll
0x00007fff72150000 - 0x00007fff72179000 	C:\Program Files\Android\Android Studio\jre\jre\bin\java.dll
0x00007fff68770000 - 0x00007fff68786000 	C:\Program Files\Android\Android Studio\jre\jre\bin\zip.dll
0x00007fff7a110000 - 0x00007fff7a7f5000 	C:\Windows\System32\SHELL32.dll
0x00007fff7b2b0000 - 0x00007fff7b359000 	C:\Windows\System32\shcore.dll
0x00007fff78db0000 - 0x00007fff7952f000 	C:\Windows\System32\windows.storage.dll
0x00007fff78540000 - 0x00007fff7855f000 	C:\Windows\System32\profapi.dll
0x00007fff78560000 - 0x00007fff785aa000 	C:\Windows\System32\powrprof.dll
0x00007fff784f0000 - 0x00007fff78500000 	C:\Windows\System32\UMPDC.dll
0x00007fff79cd0000 - 0x00007fff79d22000 	C:\Windows\System32\shlwapi.dll
0x00007fff78520000 - 0x00007fff78531000 	C:\Windows\System32\kernel.appcore.dll
0x00007fff78640000 - 0x00007fff78657000 	C:\Windows\System32\cryptsp.dll
0x00007fff68750000 - 0x00007fff6876a000 	C:\Program Files\Android\Android Studio\jre\jre\bin\net.dll
0x00007fff77d60000 - 0x00007fff77dc7000 	C:\Windows\system32\mswsock.dll
0x00007fff68730000 - 0x00007fff68741000 	C:\Program Files\Android\Android Studio\jre\jre\bin\nio.dll
0x00007fff5e9e0000 - 0x00007fff5ea06000 	C:\Users\pengdst\.gradle\native\29\windows-amd64\native-platform.dll
0x00007fff72140000 - 0x00007fff7214d000 	C:\Program Files\Android\Android Studio\jre\jre\bin\management.dll
0x00007fff778d0000 - 0x00007fff77903000 	C:\Windows\system32\rsaenh.dll
0x00007fff78910000 - 0x00007fff78936000 	C:\Windows\System32\bcrypt.dll
0x00007fff78410000 - 0x00007fff78435000 	C:\Windows\SYSTEM32\USERENV.dll
0x00007fff77f30000 - 0x00007fff77f3c000 	C:\Windows\SYSTEM32\CRYPTBASE.dll
0x00007fff77a70000 - 0x00007fff77aaa000 	C:\Windows\SYSTEM32\IPHLPAPI.DLL
0x00007fff7a800000 - 0x00007fff7a808000 	C:\Windows\System32\NSI.dll
0x00007fff6fc90000 - 0x00007fff6fca6000 	C:\Windows\SYSTEM32\dhcpcsvc6.DLL
0x00007fff70e60000 - 0x00007fff70e7c000 	C:\Windows\SYSTEM32\dhcpcsvc.DLL
0x00007fff77ab0000 - 0x00007fff77b7a000 	C:\Windows\SYSTEM32\DNSAPI.dll
0x00007fff76e00000 - 0x00007fff76ff4000 	C:\Windows\SYSTEM32\dbghelp.dll

VM Arguments:
jvm_args: -Xmx1536m -Dfile.encoding=windows-1252 -Duser.country=ID -Duser.language=en -Duser.variant 
java_command: org.gradle.launcher.daemon.bootstrap.GradleDaemon 5.4.1
java_class_path (initial): C:\Users\pengdst\.gradle\wrapper\dists\gradle-5.4.1-all\3221gyojl5jsh0helicew7rwx\gradle-5.4.1\lib\gradle-launcher-5.4.1.jar
Launcher Type: SUN_STANDARD

Environment Variables:
PATH=C:\Program Files (x86)\Common Files\Oracle\Java\javapath;C:\Program Files (x86)\Intel\iCLS Client\;C:\Program Files\Intel\iCLS Client\;C:\Windows\system32;C:\Windows;C:\Windows\System32\Wbem;C:\Windows\System32\WindowsPowerShell\v1.0\;C:\Windows\System32\OpenSSH\;C:\Program Files\Git\cmd;C:\Program Files (x86)\NVIDIA Corporation\PhysX\Common;C:\Program Files\NVIDIA Corporation\NVIDIA NvDLISR;C:\Program Files (x86)\Intel\Intel(R) Management Engine Components\DAL;C:\Program Files\Intel\Intel(R) Management Engine Components\DAL;C:\Program Files (x86)\Intel\Intel(R) Management Engine Components\IPT;C:\Program Files\Intel\Intel(R) Management Engine Components\IPT;D:\xampp\php;C:\ProgramData\ComposerSetup\bin;C:\Program Files\Microsoft SQL Server\Client SDK\ODBC\110\Tools\Binn\;C:\Program Files (x86)\Microsoft SQL Server\120\Tools\Binn\;C:\Program Files\Microsoft SQL Server\120\Tools\Binn\;C:\Program Files\Microsoft SQL Server\120\DTS\Binn\;C:\Program Files (x86)\Microsoft SQL Server\120\Tools\Binn\ManagementStudio\;C:\Program Files (x86)\Microsoft SQL Server\120\DTS\Binn\;C:\Program Files\dotnet\;C:\Program Files (x86)\WeFi;C:\Users\pengdst\AppData\Local\Microsoft\WindowsApps;;C:\Users\pengdst\AppData\Local\Programs\Microsoft VS Code\bin;C:\Users\pengdst\AppData\Roaming\Composer\vendor\bin;C:\Users\pengdst\AppData\Local\Keybase\
USERNAME=pengdst
OS=Windows_NT
PROCESSOR_IDENTIFIER=Intel64 Family 6 Model 142 Stepping 10, GenuineIntel



---------------  S Y S T E M  ---------------

OS: Windows 10.0 , 64 bit Build 18362 (10.0.18362.329)

CPU:total 8 (initial active 8) (4 cores per cpu, 2 threads per core) family 6 model 142 stepping 10, cmov, cx8, fxsr, mmx, sse, sse2, sse3, ssse3, sse4.1, sse4.2, popcnt, avx, avx2, aes, clmul, erms, 3dnowpref, lzcnt, ht, tsc, tscinvbit, bmi1, bmi2, adx

Memory: 4k page, physical 8272436k(1572440k free), swap 17185332k(5890212k free)

vm_info: OpenJDK 64-Bit Server VM (25.202-b03) for windows-amd64 JRE (1.8.0_202-release-1483-b03), built by "builder" with MS VC++ 10.0 (VS2010)

time: Mon Jan 06 07:20:52 2020
timezone: SE Asia Standard Time
elapsed time: 8 seconds (0d 0h 0m 8s)

